mode: set
github.com/yoichi-watanabe/imgconv/imgconv.go:23.35,37.90 4 0
github.com/yoichi-watanabe/imgconv/imgconv.go:73.2,73.16 1 0
github.com/yoichi-watanabe/imgconv/imgconv.go:76.2,76.12 1 0
github.com/yoichi-watanabe/imgconv/imgconv.go:37.90,38.55 1 0
github.com/yoichi-watanabe/imgconv/imgconv.go:71.3,71.13 1 0
github.com/yoichi-watanabe/imgconv/imgconv.go:38.55,42.18 3 0
github.com/yoichi-watanabe/imgconv/imgconv.go:47.4,48.18 2 0
github.com/yoichi-watanabe/imgconv/imgconv.go:52.4,57.19 4 0
github.com/yoichi-watanabe/imgconv/imgconv.go:68.4,68.101 1 0
github.com/yoichi-watanabe/imgconv/imgconv.go:42.18,44.5 1 0
github.com/yoichi-watanabe/imgconv/imgconv.go:48.18,50.5 1 0
github.com/yoichi-watanabe/imgconv/imgconv.go:58.23,59.31 1 0
github.com/yoichi-watanabe/imgconv/imgconv.go:61.15,62.25 1 0
github.com/yoichi-watanabe/imgconv/imgconv.go:64.15,65.30 1 0
github.com/yoichi-watanabe/imgconv/imgconv.go:73.16,75.3 1 0
github.com/yoichi-watanabe/imgconv/imgconv.go:80.48,82.2 1 1
